Not searching for unused variables given on the command line.
[36m--[0m The C compiler identification is AppleClang 17.0.0.17000013
[36m--[0m The CXX compiler identification is AppleClang 17.0.0.17000013
[36m--[0m Detecting C compiler ABI info
[36m--[0m Detecting C compiler ABI info - done
[36m--[0m Check for working C compiler: /Applications/Xcode.app/Contents/Developer/Toolchains/XcodeDefault.xctoolchain/usr/bin/cc - skipped
[36m--[0m Detecting C compile features
[36m--[0m Detecting C compile features - done
[36m--[0m Detecting CXX compiler ABI info
[36m--[0m Detecting CXX compiler ABI info - done
[36m--[0m Check for working CXX compiler: /Applications/Xcode.app/Contents/Developer/Toolchains/XcodeDefault.xctoolchain/usr/bin/c++ - skipped
[36m--[0m Detecting CXX compile features
[36m--[0m Detecting CXX compile features - done
[36m--[0m Using CATKIN_DEVEL_PREFIX: /Users/mostafalotfy/Documents/University/Master/SSLab/Aerobat-Gazebo/devel/.private/catkin_tools_prebuild
[36m--[0m Using CMAKE_PREFIX_PATH: /Users/mostafalotfy/anaconda3/envs/ROS
[36m--[0m This workspace overlays: /Users/mostafalotfy/anaconda3/envs/ROS
[36m--[0m Found PythonInterp: /Users/mostafalotfy/anaconda3/envs/ROS/bin/python3.9 (found suitable version "3.9.15", minimum required is "3.9")
[36m--[0m Using PYTHON_EXECUTABLE: /Users/mostafalotfy/anaconda3/envs/ROS/bin/python3.9
[36m--[0m Using default Python package layout
[36m--[0m Found PY_em: /Users/mostafalotfy/anaconda3/envs/ROS/lib/python3.9/site-packages/em.py
[36m--[0m Using empy: /Users/mostafalotfy/anaconda3/envs/ROS/lib/python3.9/site-packages/em.py
[36m--[0m Using CATKIN_ENABLE_TESTING: ON
[36m--[0m Call enable_testing()
[36m--[0m Using CATKIN_TEST_RESULTS_DIR: /Users/mostafalotfy/Documents/University/Master/SSLab/Aerobat-Gazebo/build/catkin_tools_prebuild/test_results
[36m--[0m Found gtest: gtests will be built
[36m--[0m Using Python nosetests: /Users/mostafalotfy/anaconda3/envs/ROS/bin/nosetests-3.9
[36m--[0m catkin 0.8.10
[36m--[0m BUILD_SHARED_LIBS is on
[36m--[0m Configuring done
[36m--[0m Generating done
[36m--[0m Build files have been written to: /Users/mostafalotfy/Documents/University/Master/SSLab/Aerobat-Gazebo/build/catkin_tools_prebuild
