Not searching for unused variables given on the command line.
[36m--[0m The C compiler identification is AppleClang 17.0.0.17000013
[36m--[0m The CXX compiler identification is AppleClang 17.0.0.17000013
[36m--[0m Detecting C compiler ABI info
[36m--[0m Detecting C compiler ABI info - done
[36m--[0m Check for working C compiler: /Applications/Xcode.app/Contents/Developer/Toolchains/XcodeDefault.xctoolchain/usr/bin/cc - skipped
[36m--[0m Detecting C compile features
[36m--[0m Detecting C compile features - done
[36m--[0m Detecting CXX compiler ABI info
[36m--[0m Detecting CXX compiler ABI info - done
[36m--[0m Check for working CXX compiler: /Applications/Xcode.app/Contents/Developer/Toolchains/XcodeDefault.xctoolchain/usr/bin/c++ - skipped
[36m--[0m Detecting CXX compile features
[36m--[0m Detecting CXX compile features - done
[36m--[0m Using CATKIN_DEVEL_PREFIX: /Users/mostafalotfy/Documents/University/Master/SSLab/Aerobat-Gazebo/devel/.private/cage
[36m--[0m Using CMAKE_PREFIX_PATH: /Users/mostafalotfy/anaconda3/envs/ROS
[36m--[0m This workspace overlays: /Users/mostafalotfy/anaconda3/envs/ROS
[36m--[0m Found PythonInterp: /Users/mostafalotfy/anaconda3/envs/ROS/bin/python3.9 (found suitable version "3.9.15", minimum required is "3.9")
[36m--[0m Using PYTHON_EXECUTABLE: /Users/mostafalotfy/anaconda3/envs/ROS/bin/python3.9
[36m--[0m Using default Python package layout
[36m--[0m Found PY_em: /Users/mostafalotfy/anaconda3/envs/ROS/lib/python3.9/site-packages/em.py
[36m--[0m Using empy: /Users/mostafalotfy/anaconda3/envs/ROS/lib/python3.9/site-packages/em.py
[36m--[0m Using CATKIN_ENABLE_TESTING: ON
[36m--[0m Call enable_testing()
[36m--[0m Using CATKIN_TEST_RESULTS_DIR: /Users/mostafalotfy/Documents/University/Master/SSLab/Aerobat-Gazebo/build/cage/test_results
[36m--[0m Found gtest: gtests will be built
[36m--[0m Using Python nosetests: /Users/mostafalotfy/anaconda3/envs/ROS/bin/nosetests-3.9
[36m--[0m catkin 0.8.10
[36m--[0m BUILD_SHARED_LIBS is on
[36m--[0m Using these message generators: gencpp;geneus;genlisp;gennodejs;genpy
[33mCMake Warning (dev) at /Users/mostafalotfy/anaconda3/envs/ROS/share/cmake-3.25/Modules/FindPackageHandleStandardArgs.cmake:438 (message):
  The package name passed to `find_package_handle_standard_args` (PkgConfig)
  does not match the name of the calling package (gazebo).  This can lead to
  problems in calling code that expects `find_package` result variables
  (e.g., `_FOUND`) to follow a certain pattern.
[36mCall Stack (most recent call first):[0m
  /Users/mostafalotfy/anaconda3/envs/ROS/share/cmake-3.25/Modules/FindPkgConfig.cmake:99 (find_package_handle_standard_args)
  /Users/mostafalotfy/anaconda3/envs/ROS/lib/cmake/gazebo/gazebo-config.cmake:62 (include)
  CMakeLists.txt:18 (find_package)
This warning is for project developers.  Use -Wno-dev to suppress it.
[0m
[36m--[0m Found PkgConfig: /Users/mostafalotfy/anaconda3/envs/ROS/bin/pkg-config (found version "0.29.2")
[36m--[0m Checking for module 'bullet>=2.82'
[36m--[0m   Found bullet, version 3.20
[36m--[0m Found fcl: /Users/mostafalotfy/anaconda3/envs/ROS/include (found suitable version "0.6.1", minimum required is "0.5.0")
[36m--[0m Found assimp: /Users/mostafalotfy/anaconda3/envs/ROS/include (found version "5.2.0")
[36m--[0m Found DART: /Users/mostafalotfy/anaconda3/envs/ROS/include (Required is at least version "6.6") found components: dart
[36m--[0m Found Boost: /Users/mostafalotfy/anaconda3/envs/ROS/lib/cmake/Boost-1.74.0/BoostConfig.cmake (found suitable version "1.74.0", minimum required is "1.40.0") found components: thread system filesystem program_options regex iostreams date_time
[36m--[0m Found Protobuf: /Users/mostafalotfy/anaconda3/envs/ROS/lib/libprotobuf.dylib (found version "3.19.6")
[36m--[0m Looking for ignition-math6 -- found version 6.15.1
[36m--[0m Searching for dependencies of ignition-math6
[36m--[0m Found OGRE
[36m--[0m   static     : OFF
[36m--[0m   components : Bites;HLMS;MeshLodGenerator;Overlay;Paging;Property;RTShaderSystem;Terrain;Volume
[36m--[0m   plugins    : Plugin_BSPSceneManager;Plugin_OctreeSceneManager;Plugin_PCZSceneManager;Plugin_ParticleFX;RenderSystem_GL;RenderSystem_GL3Plus
[36m--[0m   media      : /Users/mostafalotfy/anaconda3/envs/ROS/Media
[36m--[0m Looking for ignition-math6 -- found version 6.15.1
[36m--[0m Looking for ignition-transport8 -- found version 8.1.0
[36m--[0m Searching for dependencies of ignition-transport8
[36m--[0m Found Protobuf: /Users/mostafalotfy/anaconda3/envs/ROS/lib/libprotobuf.dylib (found suitable version "3.19.6", minimum required is "3")
[36m--[0m Found UUID: TRUE
[36m--[0m Looking for ignition-msgs5 -- found version 5.7.0
[36m--[0m Searching for dependencies of ignition-msgs5
[36m--[0m Looking for ignition-math6 -- found version 6.15.1
[36m--[0m Checking for module 'tinyxml2'
[36m--[0m   Found tinyxml2, version 9.0.0
[36m--[0m Looking for ignition-msgs5 -- found version 5.7.0
[36m--[0m Looking for ignition-common3 -- found version 3.13.2
[36m--[0m Searching for dependencies of ignition-common3
[36m--[0m Looking for dlfcn.h - found
[36m--[0m Looking for libdl - found
[36m--[0m Found DL: TRUE
[36m--[0m Searching for <ignition-common3> component [graphics]
[36m--[0m Looking for ignition-common3-graphics -- found version 3.13.2
[36m--[0m Searching for dependencies of ignition-common3-graphics
[36m--[0m Looking for ignition-math6 -- found version 6.15.1
[36m--[0m Looking for ignition-fuel_tools4 -- found version 4.4.0
[36m--[0m Searching for dependencies of ignition-fuel_tools4
[36m--[0m Found CURL: /Users/mostafalotfy/anaconda3/envs/ROS/lib/libcurl.dylib (found version "7.86.0")
[36m--[0m Checking for module 'jsoncpp'
[36m--[0m   Found jsoncpp, version 1.9.5
[36m--[0m Found JSONCPP: TRUE
[36m--[0m Checking for module 'yaml-0.1'
[36m--[0m   Found yaml-0.1, version 0.2.5
[36m--[0m Found YAML: TRUE
[36m--[0m Checking for module 'libzip'
[36m--[0m   Found libzip, version 1.9.2
[36m--[0m Found ZIP: TRUE
[36m--[0m Looking for ignition-common3 -- found version 3.13.2
[36m--[0m Looking for ignition-math6 -- found version 6.15.1
[36m--[0m Looking for ignition-msgs5 -- found version 5.7.0
[36m--[0m Configuring done
[36m--[0m Generating done
[36m--[0m Build files have been written to: /Users/mostafalotfy/Documents/University/Master/SSLab/Aerobat-Gazebo/build/cage
